[0mGET /events [33m404[0m 3.551 ms - 145[0m
[0mGET /events [33m404[0m 3.039 ms - 145[0m
[0mGET /events [33m404[0m 3.515 ms - 145[0m
[0mOPTIONS /updateData/1 [33m404[0m 4.857 ms - 155[0m
[0mGET /questions [32m200[0m 6.944 ms - 6379[0m
[0mGET /questions [36m304[0m 1.741 ms - -[0m
[0mGET /questions [32m200[0m 9.680 ms - 3683[0m
[0mGET /events [33m404[0m 3.287 ms - 145[0m
[0mGET /questions [32m200[0m 8.462 ms - 3683[0m
[0mGET /questions [36m304[0m 6.019 ms - -[0m
[0mOPTIONS /updateData/1 [33m404[0m 2.234 ms - 155[0m
[0mOPTIONS /questions [32m200[0m 0.928 ms - 8[0m
[0mOPTIONS /questions [32m200[0m 0.428 ms - 8[0m
[0mOPTIONS /questions [32m200[0m 0.505 ms - 8[0m
[0mOPTIONS /questions [32m200[0m 0.412 ms - 8[0m
[0mOPTIONS /questions [32m200[0m 0.567 ms - 8[0m
[0mOPTIONS /questions [32m200[0m 0.363 ms - 8[0m
[0mOPTIONS /questions [32m200[0m 0.355 ms - 8[0m
[0mGET /questions [32m200[0m 4.054 ms - 3683[0m
[0mGET /questions [36m304[0m 3.070 ms - -[0m
[0mGET /questions [36m304[0m 1.926 ms - -[0m
[0mGET /questions [36m304[0m 1.189 ms - -[0m
[0mGET /questions [36m304[0m 1.388 ms - -[0m
[0mGET /questions [36m304[0m 1.219 ms - -[0m
[0mGET /questions [36m304[0m 1.101 ms - -[0m
[0mGET /questions [36m304[0m 1.061 ms - -[0m
[0mGET /questions [36m304[0m 0.994 ms - -[0m
[0mGET /questions [36m304[0m 2.201 ms - -[0m
[0mGET /questions [36m304[0m 1.015 ms - -[0m
[0mGET /questions [36m304[0m 0.967 ms - -[0m
[0mGET /questions [36m304[0m 1.266 ms - -[0m
[0mGET /questions [36m304[0m 3.579 ms - -[0m
[0mGET /questions [36m304[0m 1.124 ms - -[0m
[0mGET /questions [36m304[0m 0.852 ms - -[0m
[0mGET /questions [36m304[0m 1.143 ms - -[0m
[0mGET /questions [36m304[0m 3.789 ms - -[0m
[0mGET /questions [36m304[0m 0.919 ms - -[0m
[0mGET /questions [36m304[0m 1.205 ms - -[0m
[0mGET /questions [36m304[0m 0.802 ms - -[0m
[0mGET /questions [36m304[0m 1.212 ms - -[0m
[0mGET /questions [36m304[0m 1.123 ms - -[0m
[0mGET /questions [36m304[0m 0.911 ms - -[0m
[0mGET /questions [36m304[0m 1.542 ms - -[0m
[0mGET /questions [36m304[0m 1.278 ms - -[0m
[0mGET /questions [36m304[0m 1.118 ms - -[0m
[0mGET /questions [36m304[0m 0.834 ms - -[0m
[0mGET / [33m404[0m 0.810 ms - 139[0m
[0mGET /questions [32m200[0m 1.210 ms - 3683[0m
[0mGET /questions [36m304[0m 0.921 ms - -[0m
[0mGET /questions [36m304[0m 0.957 ms - -[0m
[0mGET /questions [36m304[0m 0.859 ms - -[0m
[0mGET /questions [36m304[0m 0.809 ms - -[0m
[0mGET /questions [36m304[0m 1.630 ms - -[0m
[0mGET /questions [36m304[0m 1.256 ms - -[0m
[0mGET /questions [36m304[0m 1.365 ms - -[0m
[0mGET /questions [36m304[0m 4.485 ms - -[0m
[0mGET /questions [36m304[0m 2.263 ms - -[0m
[0mGET /questions [32m200[0m 1.173 ms - 3683[0m
[0mGET /questions [36m304[0m 1.282 ms - -[0m
[0mGET /questions [36m304[0m 1.112 ms - -[0m
[0mGET /questions [36m304[0m 2.194 ms - -[0m
[0mGET /questions [36m304[0m 1.619 ms - -[0m
[0mGET /questions [36m304[0m 1.537 ms - -[0m
[0mGET /questions [32m200[0m 1.304 ms - 3683[0m
[0mGET /questions [36m304[0m 1.665 ms - -[0m
[0mGET /questions [36m304[0m 1.319 ms - -[0m
[0mGET /questions [36m304[0m 2.077 ms - -[0m
[0mGET /questions [36m304[0m 6.244 ms - -[0m
[0mGET /questions [36m304[0m 3.416 ms - -[0m
[0mGET /questions [36m304[0m 2.842 ms - -[0m
[0mGET /questions [36m304[0m 1.357 ms - -[0m
[0mGET /questions [36m304[0m 2.257 ms - -[0m
[0mGET /questions [36m304[0m 1.298 ms - -[0m
[0mGET /questions [36m304[0m 1.347 ms - -[0m
[0mGET /questions [36m304[0m 2.089 ms - -[0m
[0mGET /questions [36m304[0m 2.492 ms - -[0m
[0mGET /questions [36m304[0m 2.234 ms - -[0m
[0mGET /questions [36m304[0m 1.518 ms - -[0m
[0mGET /questions [36m304[0m 15.669 ms - -[0m
[0mGET /questions [36m304[0m 2.140 ms - -[0m
[0mGET /questions [36m304[0m 2.939 ms - -[0m
[0mGET /questions [36m304[0m 1.661 ms - -[0m
[0mGET /questions [36m304[0m 1.199 ms - -[0m
[0mGET /questions [36m304[0m 1.243 ms - -[0m
[0mGET /questions [36m304[0m 3.782 ms - -[0m
[0mGET /questions [36m304[0m 1.356 ms - -[0m
[0mGET /questions [36m304[0m 1.586 ms - -[0m
[0mGET /questions [36m304[0m 1.065 ms - -[0m
[0mGET /questions [36m304[0m 2.307 ms - -[0m
[0mGET /questions [36m304[0m 1.333 ms - -[0m
[0mGET /questions [36m304[0m 1.135 ms - -[0m
[0mGET /questions [36m304[0m 0.896 ms - -[0m
[0mGET /questions [36m304[0m 1.230 ms - -[0m
[0mGET /questions [36m304[0m 1.820 ms - -[0m
[0mGET /questions [36m304[0m 1.345 ms - -[0m
[0mGET /questions [36m304[0m 1.026 ms - -[0m
[0mGET /questions [36m304[0m 2.643 ms - -[0m
[0mGET /questions [36m304[0m 1.453 ms - -[0m
[0mGET /questions [36m304[0m 4.776 ms - -[0m
[0mGET /questions [36m304[0m 7.830 ms - -[0m
[0mGET /questions [36m304[0m 2.441 ms - -[0m
[0mGET /questions [36m304[0m 0.853 ms - -[0m
[0mGET /questions [36m304[0m 1.062 ms - -[0m
[0mGET /questions [36m304[0m 1.032 ms - -[0m
[0mGET /questions [36m304[0m 1.163 ms - -[0m
[0mGET /questions [36m304[0m 1.042 ms - -[0m
[0mGET /questions [36m304[0m 0.960 ms - -[0m
[0mGET /questions [36m304[0m 0.904 ms - -[0m
[0mGET /questions [36m304[0m 0.944 ms - -[0m
[0mGET /questions [36m304[0m 1.378 ms - -[0m
[0mGET /questions [36m304[0m 8.771 ms - -[0m
[0mGET /questions [36m304[0m 3.334 ms - -[0m
[0mGET /questions [36m304[0m 1.503 ms - -[0m
[0mGET /questions [36m304[0m 1.328 ms - -[0m
[0mGET /questions [36m304[0m 1.410 ms - -[0m
[0mGET /questions [36m304[0m 1.261 ms - -[0m
